2023-02-28 11:42:43,953 - distributed.nanny - INFO -         Start Nanny at: 'tcp://10.50.6.37:33782'
2023-02-28 11:42:52,844 - distributed.worker - INFO -       Start worker at:     tcp://10.50.6.37:36373
2023-02-28 11:42:52,845 - distributed.worker - INFO -          Listening to:     tcp://10.50.6.37:36373
2023-02-28 11:42:52,845 - distributed.worker - INFO -           Worker name:             SLURMCluster-0
2023-02-28 11:42:52,845 - distributed.worker - INFO -          dashboard at:           10.50.6.37:37239
2023-02-28 11:42:52,845 - distributed.worker - INFO - Waiting to connect to:   tcp://10.50.254.13:38718
2023-02-28 11:42:52,845 - distributed.worker - INFO - -------------------------------------------------
2023-02-28 11:42:52,845 - distributed.worker - INFO -               Threads:                         16
2023-02-28 11:42:52,845 - distributed.worker - INFO -                Memory:                 238.42 GiB
2023-02-28 11:42:52,845 - distributed.worker - INFO -       Local Directory: /scratch/local/dask-worker-space/worker-h37v5xpz
2023-02-28 11:42:52,846 - distributed.worker - INFO - -------------------------------------------------
2023-02-28 11:42:52,863 - distributed.worker - INFO -         Registered to:   tcp://10.50.254.13:38718
2023-02-28 11:42:52,863 - distributed.worker - INFO - -------------------------------------------------
2023-02-28 11:42:52,864 - distributed.core - INFO - Starting established connection
/nobackup/rossby22/sm_petli/conda/miniconda3/envs/rcat_xarrayV2022.06.0/lib/python3.10/site-packages/dask/array/reductions.py:640: RuntimeWarning: All-NaN slice encountered
  return np.nanmax(x_chunk, axis=axis, keepdims=keepdims)
2023-02-28 12:36:00,163 - distributed.core - INFO - Event loop was unresponsive in Worker for 23.60s.  This is often caused by long-running GIL-holding functions or moving large chunks of data. This can cause timeouts and instability.
2023-02-28 12:36:28,355 - distributed.core - INFO - Event loop was unresponsive in Worker for 21.21s.  This is often caused by long-running GIL-holding functions or moving large chunks of data. This can cause timeouts and instability.
2023-02-28 12:36:58,539 - distributed.core - INFO - Event loop was unresponsive in Worker for 22.41s.  This is often caused by long-running GIL-holding functions or moving large chunks of data. This can cause timeouts and instability.
2023-02-28 12:37:26,736 - distributed.core - INFO - Event loop was unresponsive in Worker for 21.51s.  This is often caused by long-running GIL-holding functions or moving large chunks of data. This can cause timeouts and instability.
2023-02-28 12:37:55,348 - distributed.core - INFO - Event loop was unresponsive in Worker for 21.59s.  This is often caused by long-running GIL-holding functions or moving large chunks of data. This can cause timeouts and instability.
/nobackup/rossby22/sm_petli/conda/miniconda3/envs/rcat_xarrayV2022.06.0/lib/python3.10/site-packages/dask/array/reductions.py:640: RuntimeWarning: All-NaN slice encountered
  return np.nanmax(x_chunk, axis=axis, keepdims=keepdims)
2023-02-28 12:43:00,094 - distributed.core - INFO - Event loop was unresponsive in Worker for 5.73s.  This is often caused by long-running GIL-holding functions or moving large chunks of data. This can cause timeouts and instability.
2023-02-28 12:43:05,741 - distributed.core - INFO - Event loop was unresponsive in Worker for 5.18s.  This is often caused by long-running GIL-holding functions or moving large chunks of data. This can cause timeouts and instability.
2023-02-28 12:43:10,722 - distributed.core - INFO - Event loop was unresponsive in Worker for 4.82s.  This is often caused by long-running GIL-holding functions or moving large chunks of data. This can cause timeouts and instability.
2023-02-28 12:43:14,957 - distributed.core - INFO - Event loop was unresponsive in Worker for 3.73s.  This is often caused by long-running GIL-holding functions or moving large chunks of data. This can cause timeouts and instability.
2023-02-28 12:43:19,265 - distributed.core - INFO - Event loop was unresponsive in Worker for 3.80s.  This is often caused by long-running GIL-holding functions or moving large chunks of data. This can cause timeouts and instability.
/nobackup/rossby22/sm_petli/conda/miniconda3/envs/rcat_xarrayV2022.06.0/lib/python3.10/site-packages/dask/array/reductions.py:640: RuntimeWarning: All-NaN slice encountered
  return np.nanmax(x_chunk, axis=axis, keepdims=keepdims)
2023-02-28 14:07:06,444 - distributed.core - INFO - Event loop was unresponsive in Worker for 3.55s.  This is often caused by long-running GIL-holding functions or moving large chunks of data. This can cause timeouts and instability.
2023-02-28 14:07:57,141 - distributed.core - INFO - Event loop was unresponsive in Worker for 23.50s.  This is often caused by long-running GIL-holding functions or moving large chunks of data. This can cause timeouts and instability.
2023-02-28 14:08:32,244 - distributed.core - INFO - Event loop was unresponsive in Worker for 3.71s.  This is often caused by long-running GIL-holding functions or moving large chunks of data. This can cause timeouts and instability.
2023-02-28 14:09:34,289 - distributed.core - INFO - Event loop was unresponsive in Worker for 3.21s.  This is often caused by long-running GIL-holding functions or moving large chunks of data. This can cause timeouts and instability.
2023-02-28 14:10:14,203 - distributed.core - INFO - Event loop was unresponsive in Worker for 15.31s.  This is often caused by long-running GIL-holding functions or moving large chunks of data. This can cause timeouts and instability.
2023-02-28 14:10:18,143 - distributed.core - INFO - Event loop was unresponsive in Worker for 3.03s.  This is often caused by long-running GIL-holding functions or moving large chunks of data. This can cause timeouts and instability.
2023-02-28 14:10:42,844 - distributed.core - INFO - Event loop was unresponsive in Worker for 18.27s.  This is often caused by long-running GIL-holding functions or moving large chunks of data. This can cause timeouts and instability.
2023-02-28 14:10:49,295 - distributed.core - INFO - Event loop was unresponsive in Worker for 3.54s.  This is often caused by long-running GIL-holding functions or moving large chunks of data. This can cause timeouts and instability.
2023-02-28 14:11:10,176 - distributed.core - INFO - Event loop was unresponsive in Worker for 20.88s.  This is often caused by long-running GIL-holding functions or moving large chunks of data. This can cause timeouts and instability.
2023-02-28 14:11:17,159 - distributed.core - INFO - Event loop was unresponsive in Worker for 3.78s.  This is often caused by long-running GIL-holding functions or moving large chunks of data. This can cause timeouts and instability.
2023-02-28 14:11:24,615 - distributed.core - INFO - Event loop was unresponsive in Worker for 3.17s.  This is often caused by long-running GIL-holding functions or moving large chunks of data. This can cause timeouts and instability.
2023-02-28 14:11:25,220 - distributed.utils_perf - INFO - full garbage collection released 10.35 MiB from 196 reference cycles (threshold: 9.54 MiB)
slurmstepd: error: *** JOB 21388154 ON n637 CANCELLED AT 2023-02-28T16:43:02 DUE TO TIME LIMIT ***
